C:\USERS\KANE\DOCUMENTS\VISUAL STUDIO 2012\PROJECTS\MEREENGINE\DEBUG\BOUNDARY.OBJ
C:\USERS\KANE\DOCUMENTS\VISUAL STUDIO 2012\PROJECTS\MEREENGINE\DEBUG\CAMERA.OBJ
C:\USERS\KANE\DOCUMENTS\VISUAL STUDIO 2012\PROJECTS\MEREENGINE\DEBUG\MENUSTATE.OBJ
C:\USERS\KANE\DOCUMENTS\VISUAL STUDIO 2012\PROJECTS\MEREENGINE\DEBUG\TEXTURES.OBJ
C:\USERS\KANE\DOCUMENTS\VISUAL STUDIO 2012\PROJECTS\MEREENGINE\DEBUG\VC110.PDB
C:\USERS\KANE\DOCUMENTS\VISUAL STUDIO 2012\PROJECTS\MEREENGINE\DEBUG\GAMEOBJECT.OBJ
C:\USERS\KANE\DOCUMENTS\VISUAL STUDIO 2012\PROJECTS\MEREENGINE\DEBUG\MENU.OBJ
C:\USERS\KANE\DOCUMENTS\VISUAL STUDIO 2012\PROJECTS\MEREENGINE\DEBUG\SHADER.OBJ
C:\USERS\KANE\DOCUMENTS\VISUAL STUDIO 2012\PROJECTS\MEREENGINE\DEBUG\GAMESTATE.OBJ
C:\USERS\KANE\DOCUMENTS\VISUAL STUDIO 2012\PROJECTS\MEREENGINE\DEBUG\SYSTEM.OBJ
C:\USERS\KANE\DOCUMENTS\VISUAL STUDIO 2012\PROJECTS\MEREENGINE\DEBUG\MAIN.OBJ
C:\USERS\KANE\DOCUMENTS\VISUAL STUDIO 2012\PROJECTS\MEREENGINE\DEBUG\MEREENGINE.ILK
C:\USERS\KANE\DOCUMENTS\VISUAL STUDIO 2012\PROJECTS\MEREENGINE\DEBUG\MEREENGINE.EXE
C:\USERS\KANE\DOCUMENTS\VISUAL STUDIO 2012\PROJECTS\MEREENGINE\DEBUG\MEREENGINE.PDB
C:\Users\kane\Documents\Visual Studio 2012\Projects\MereEngine\Debug\boundary.obj
C:\Users\kane\Documents\Visual Studio 2012\Projects\MereEngine\Debug\Camera.obj
C:\Users\kane\Documents\Visual Studio 2012\Projects\MereEngine\Debug\GameObject.obj
C:\Users\kane\Documents\Visual Studio 2012\Projects\MereEngine\Debug\GameState.obj
C:\Users\kane\Documents\Visual Studio 2012\Projects\MereEngine\Debug\main.obj
C:\Users\kane\Documents\Visual Studio 2012\Projects\MereEngine\Debug\Menu.obj
C:\Users\kane\Documents\Visual Studio 2012\Projects\MereEngine\Debug\MenuState.obj
C:\Users\kane\Documents\Visual Studio 2012\Projects\MereEngine\Debug\Shader.obj
C:\Users\kane\Documents\Visual Studio 2012\Projects\MereEngine\Debug\System.obj
C:\Users\kane\Documents\Visual Studio 2012\Projects\MereEngine\Debug\Textures.obj
C:\Users\kane\Documents\Visual Studio 2012\Projects\MereEngine\Debug\MereEngine.ilk
C:\Users\kane\Documents\Visual Studio 2012\Projects\MereEngine\Debug\cl.command.1.tlog
C:\Users\kane\Documents\Visual Studio 2012\Projects\MereEngine\Debug\CL.read.1.tlog
C:\Users\kane\Documents\Visual Studio 2012\Projects\MereEngine\Debug\CL.write.1.tlog
C:\Users\kane\Documents\Visual Studio 2012\Projects\MereEngine\Debug\link-cvtres.read.1.tlog
C:\Users\kane\Documents\Visual Studio 2012\Projects\MereEngine\Debug\link-cvtres.write.1.tlog
C:\Users\kane\Documents\Visual Studio 2012\Projects\MereEngine\Debug\link-rc.read.1.tlog
C:\Users\kane\Documents\Visual Studio 2012\Projects\MereEngine\Debug\link-rc.write.1.tlog
C:\Users\kane\Documents\Visual Studio 2012\Projects\MereEngine\Debug\link.command.1.tlog
C:\Users\kane\Documents\Visual Studio 2012\Projects\MereEngine\Debug\link.read.1.tlog
C:\Users\kane\Documents\Visual Studio 2012\Projects\MereEngine\Debug\link.write.1.tlog
C:\Users\kane\Documents\Visual Studio 2012\Projects\MereEngine\Debug\vc110.idb
C:\Users\kane\Documents\Visual Studio 2012\Projects\MereEngine\Debug\MereEngine.pdb
C:\Users\kane\Documents\Visual Studio 2012\Projects\MereEngine\Debug\vc110.pdb
C:\Users\kane\Documents\Visual Studio 2012\Projects\MereEngine\Debug\MereEngine.exe
